c:\users\justin\documents\programming projects\c++\sdldemo\sdldemo\debug\vc142.pdb
c:\users\justin\documents\programming projects\c++\sdldemo\sdldemo\debug\vc142.idb
c:\users\justin\documents\programming projects\c++\sdldemo\sdldemo\debug\vector2d.obj
c:\users\justin\documents\programming projects\c++\sdldemo\sdldemo\debug\tilemap.obj
c:\users\justin\documents\programming projects\c++\sdldemo\sdldemo\debug\textureloader.obj
c:\users\justin\documents\programming projects\c++\sdldemo\sdldemo\debug\main.obj
c:\users\justin\documents\programming projects\c++\sdldemo\sdldemo\debug\gameobject.obj
c:\users\justin\documents\programming projects\c++\sdldemo\sdldemo\debug\game.obj
c:\users\justin\documents\programming projects\c++\sdldemo\sdldemo\debug\ecs.obj
c:\users\justin\documents\programming projects\c++\sdldemo\sdldemo\debug\collisionmath.obj
c:\users\justin\documents\programming projects\c++\sdldemo\sdldemo\debug\assetmanager.obj
c:\users\justin\documents\programming projects\c++\sdldemo\debug\sdldemo.ilk
c:\users\justin\documents\programming projects\c++\sdldemo\debug\sdldemo.exe
c:\users\justin\documents\programming projects\c++\sdldemo\debug\sdldemo.pdb
c:\users\justin\documents\programming projects\c++\sdldemo\sdldemo\debug\sdldemo.tlog\cl.command.1.tlog
c:\users\justin\documents\programming projects\c++\sdldemo\sdldemo\debug\sdldemo.tlog\cl.read.1.tlog
c:\users\justin\documents\programming projects\c++\sdldemo\sdldemo\debug\sdldemo.tlog\cl.write.1.tlog
c:\users\justin\documents\programming projects\c++\sdldemo\sdldemo\debug\sdldemo.tlog\link.command.1.tlog
c:\users\justin\documents\programming projects\c++\sdldemo\sdldemo\debug\sdldemo.tlog\link.read.1.tlog
c:\users\justin\documents\programming projects\c++\sdldemo\sdldemo\debug\sdldemo.tlog\link.write.1.tlog
